[debug] [2025-08-31T19:39:42.366Z] ----------------------------------------------------------------------
[debug] [2025-08-31T19:39:42.367Z] Command:       /usr/local/bin/node /usr/local/share/npm-global/bin/firebase deploy --only functions:api --project uaidecants --debug
[debug] [2025-08-31T19:39:42.367Z] CLI Version:   14.15.1
[debug] [2025-08-31T19:39:42.367Z] Platform:      linux
[debug] [2025-08-31T19:39:42.367Z] Node Version:  v22.16.0
[debug] [2025-08-31T19:39:42.368Z] Time:          Sun Aug 31 2025 19:39:42 GMT+0000 (Coordinated Universal Time)
[debug] [2025-08-31T19:39:42.368Z] ----------------------------------------------------------------------
[debug] 
[debug] [2025-08-31T19:39:42.502Z] Field "/functions" in "firebase.json" is possibly invalid: must be object
[debug] [2025-08-31T19:39:42.504Z] Object "/functions/0" in "firebase.json" has unknown property: {"additionalProperty":"storage"}
[debug] [2025-08-31T19:39:42.504Z] Field "/functions" in "firebase.json" is possibly invalid: must match a schema in anyOf
[debug] [2025-08-31T19:39:42.516Z] > command requires scopes: ["email","openid","https://www.googleapis.com/auth/cloudplatformprojects.readonly","https://www.googleapis.com/auth/firebase","https://www.googleapis.com/auth/cloud-platform"]
[debug] [2025-08-31T19:39:42.517Z] > authorizing via signed-in user (danielfariaptu@gmail.com)
[debug] [2025-08-31T19:39:42.517Z] [iam] checking project uaidecants for permissions ["cloudfunctions.functions.create","cloudfunctions.functions.delete","cloudfunctions.functions.get","cloudfunctions.functions.list","cloudfunctions.functions.update","cloudfunctions.operations.get","firebase.projects.get"]
[debug] [2025-08-31T19:39:42.517Z] Checked if tokens are valid: true, expires at: 1756670931091
[debug] [2025-08-31T19:39:42.518Z] Checked if tokens are valid: true, expires at: 1756670931091
[debug] [2025-08-31T19:39:42.518Z] >>> [apiv2][query] POST https://cloudresourcemanager.googleapis.com/v1/projects/uaidecants:testIamPermissions [none]
[debug] [2025-08-31T19:39:42.518Z] >>> [apiv2][(partial)header] POST https://cloudresourcemanager.googleapis.com/v1/projects/uaidecants:testIamPermissions x-goog-quota-user=projects/uaidecants
[debug] [2025-08-31T19:39:42.519Z] >>> [apiv2][body] POST https://cloudresourcemanager.googleapis.com/v1/projects/uaidecants:testIamPermissions {"permissions":["cloudfunctions.functions.create","cloudfunctions.functions.delete","cloudfunctions.functions.get","cloudfunctions.functions.list","cloudfunctions.functions.update","cloudfunctions.operations.get","firebase.projects.get"]}
[debug] [2025-08-31T19:39:43.451Z] <<< [apiv2][status] POST https://cloudresourcemanager.googleapis.com/v1/projects/uaidecants:testIamPermissions 200
[debug] [2025-08-31T19:39:43.451Z] <<< [apiv2][body] POST https://cloudresourcemanager.googleapis.com/v1/projects/uaidecants:testIamPermissions {"permissions":["cloudfunctions.functions.create","cloudfunctions.functions.delete","cloudfunctions.functions.get","cloudfunctions.functions.list","cloudfunctions.functions.update","cloudfunctions.operations.get","firebase.projects.get"]}
[debug] [2025-08-31T19:39:43.451Z] Checked if tokens are valid: true, expires at: 1756670931091
[debug] [2025-08-31T19:39:43.451Z] Checked if tokens are valid: true, expires at: 1756670931091
[debug] [2025-08-31T19:39:43.451Z] >>> [apiv2][query] POST https://iam.googleapis.com/v1/projects/uaidecants/serviceAccounts/uaidecants@appspot.gserviceaccount.com:testIamPermissions [none]
[debug] [2025-08-31T19:39:43.451Z] >>> [apiv2][body] POST https://iam.googleapis.com/v1/projects/uaidecants/serviceAccounts/uaidecants@appspot.gserviceaccount.com:testIamPermissions {"permissions":["iam.serviceAccounts.actAs"]}
[debug] [2025-08-31T19:39:44.415Z] <<< [apiv2][status] POST https://iam.googleapis.com/v1/projects/uaidecants/serviceAccounts/uaidecants@appspot.gserviceaccount.com:testIamPermissions 200
[debug] [2025-08-31T19:39:44.415Z] <<< [apiv2][body] POST https://iam.googleapis.com/v1/projects/uaidecants/serviceAccounts/uaidecants@appspot.gserviceaccount.com:testIamPermissions {"permissions":["iam.serviceAccounts.actAs"]}
[info] 
[info] === Deploying to 'uaidecants'...
[info] 
[info] i  deploying functions 
[info] Running command: npm --prefix "$RESOURCE_DIR" run lint
[info] ✔  functions: Finished running predeploy script. 
[debug] [2025-08-31T19:39:50.075Z] Checked if tokens are valid: true, expires at: 1756670931091
[debug] [2025-08-31T19:39:50.075Z] Checked if tokens are valid: true, expires at: 1756670931091
[debug] [2025-08-31T19:39:50.075Z] >>> [apiv2][query] GET https://cloudresourcemanager.googleapis.com/v1/projects/uaidecants [none]
[debug] [2025-08-31T19:39:50.408Z] <<< [apiv2][status] GET https://cloudresourcemanager.googleapis.com/v1/projects/uaidecants 200
[debug] [2025-08-31T19:39:50.408Z] <<< [apiv2][body] GET https://cloudresourcemanager.googleapis.com/v1/projects/uaidecants {"projectNumber":"557662716722","projectId":"uaidecants","lifecycleState":"ACTIVE","name":"uaidecants","labels":{"firebase":"enabled","firebase-core":"disabled"},"createTime":"2025-08-15T04:02:43.636914Z"}
[info] i  functions: preparing codebase default for deployment 
[info] i  functions: ensuring required API cloudfunctions.googleapis.com is enabled... 
[info] i  functions: ensuring required API cloudbuild.googleapis.com is enabled... 
[info] i  artifactregistry: ensuring required API artifactregistry.googleapis.com is enabled... 
[debug] [2025-08-31T19:39:50.409Z] Checked if tokens are valid: true, expires at: 1756670931091
[debug] [2025-08-31T19:39:50.409Z] Checked if tokens are valid: true, expires at: 1756670931091
[debug] [2025-08-31T19:39:50.409Z] >>> [apiv2][query] GET https://firebase.googleapis.com/v1beta1/projects/uaidecants/adminSdkConfig [none]
[debug] [2025-08-31T19:39:50.921Z] <<< [apiv2][status] GET https://firebase.googleapis.com/v1beta1/projects/uaidecants/adminSdkConfig 200
[debug] [2025-08-31T19:39:50.921Z] <<< [apiv2][body] GET https://firebase.googleapis.com/v1beta1/projects/uaidecants/adminSdkConfig {"projectId":"uaidecants","storageBucket":"uaidecants.firebasestorage.app"}
[debug] [2025-08-31T19:39:50.922Z] Checked if tokens are valid: true, expires at: 1756670931091
[debug] [2025-08-31T19:39:50.922Z] Checked if tokens are valid: true, expires at: 1756670931091
[debug] [2025-08-31T19:39:50.922Z] >>> [apiv2][query] GET https://runtimeconfig.googleapis.com/v1beta1/projects/uaidecants/configs [none]
[debug] [2025-08-31T19:39:52.051Z] <<< [apiv2][status] GET https://runtimeconfig.googleapis.com/v1beta1/projects/uaidecants/configs 200
[debug] [2025-08-31T19:39:52.052Z] <<< [apiv2][body] GET https://runtimeconfig.googleapis.com/v1beta1/projects/uaidecants/configs {}
[debug] [2025-08-31T19:39:52.055Z] Validating nodejs source
[debug] [2025-08-31T19:39:52.437Z] > [functions] package.json contents: {
  "name": "functions",
  "description": "Cloud Functions for Firebase",
  "scripts": {
    "lint": "eslint .",
    "serve": "firebase emulators:start --only functions",
    "deploy": "firebase deploy --only functions:api",
    "logs": "firebase functions:log"
  },
  "engines": {
    "node": "22"
  },
  "main": "index.js",
  "dependencies": {
    "cors": "^2.8.5",
    "express": "^4.21.2",
    "firebase-admin": "^13.4.0",
    "firebase-functions": "^6.4.0",
    "nodemailer": "^7.0.5",
    "zxcvbn": "^4.4.2"
  },
  "devDependencies": {
    "eslint": "^8.15.0",
    "eslint-config-google": "^0.14.0",
    "firebase-functions-test": "^3.1.0"
  },
  "private": true
}
[debug] [2025-08-31T19:39:52.440Z] Building nodejs source
[info] i  functions: Loading and analyzing source code for codebase default to determine what to deploy 
[debug] [2025-08-31T19:39:52.442Z] Could not find functions.yaml. Must use http discovery
[debug] [2025-08-31T19:39:52.450Z] Found firebase-functions binary at '/workspaces/uaidecants.github.io/functions/node_modules/.bin/firebase-functions'
[info] Serving at port 8350

[debug] [2025-08-31T19:40:01.851Z] Got response from /__/functions.yaml {"endpoints":{"api":{"availableMemoryMb":256,"timeoutSeconds":60,"minInstances":0,"maxInstances":20,"ingressSettings":null,"concurrency":80,"serviceAccountEmail":null,"vpc":null,"platform":"gcfv2","cpu":1,"region":["us-central1"],"secretEnvironmentVariables":[{"key":"ARROZ"},{"key":"EMAIL_REMETENTE"}],"labels":{},"httpsTrigger":{},"entryPoint":"api"}},"specVersion":"v1alpha1","requiredAPIs":[],"extensions":{}}
[info] i  extensions: ensuring required API firebaseextensions.googleapis.com is enabled... 
[debug] [2025-08-31T19:40:05.863Z] > command requires scopes: ["email","openid","https://www.googleapis.com/auth/cloudplatformprojects.readonly","https://www.googleapis.com/auth/firebase","https://www.googleapis.com/auth/cloud-platform"]
[debug] [2025-08-31T19:40:05.863Z] > authorizing via signed-in user (danielfariaptu@gmail.com)
[debug] [2025-08-31T19:40:05.864Z] [iam] checking project uaidecants for permissions ["firebase.projects.get","firebaseextensions.instances.list"]
[debug] [2025-08-31T19:40:05.864Z] Checked if tokens are valid: true, expires at: 1756670931091
[debug] [2025-08-31T19:40:05.864Z] Checked if tokens are valid: true, expires at: 1756670931091
[debug] [2025-08-31T19:40:05.864Z] >>> [apiv2][query] POST https://cloudresourcemanager.googleapis.com/v1/projects/uaidecants:testIamPermissions [none]
[debug] [2025-08-31T19:40:05.864Z] >>> [apiv2][(partial)header] POST https://cloudresourcemanager.googleapis.com/v1/projects/uaidecants:testIamPermissions x-goog-quota-user=projects/uaidecants
[debug] [2025-08-31T19:40:05.864Z] >>> [apiv2][body] POST https://cloudresourcemanager.googleapis.com/v1/projects/uaidecants:testIamPermissions {"permissions":["firebase.projects.get","firebaseextensions.instances.list"]}
[debug] [2025-08-31T19:40:06.736Z] <<< [apiv2][status] POST https://cloudresourcemanager.googleapis.com/v1/projects/uaidecants:testIamPermissions 200
[debug] [2025-08-31T19:40:06.736Z] <<< [apiv2][body] POST https://cloudresourcemanager.googleapis.com/v1/projects/uaidecants:testIamPermissions {"permissions":["firebase.projects.get","firebaseextensions.instances.list"]}
[debug] [2025-08-31T19:40:06.737Z] Checked if tokens are valid: true, expires at: 1756670931091
[debug] [2025-08-31T19:40:06.737Z] Checked if tokens are valid: true, expires at: 1756670931091
[debug] [2025-08-31T19:40:06.737Z] >>> [apiv2][query] GET https://firebaseextensions.googleapis.com/v1beta/projects/uaidecants/instances pageSize=100&pageToken=
[debug] [2025-08-31T19:40:07.896Z] <<< [apiv2][status] GET https://firebaseextensions.googleapis.com/v1beta/projects/uaidecants/instances 200
[debug] [2025-08-31T19:40:07.896Z] <<< [apiv2][body] GET https://firebaseextensions.googleapis.com/v1beta/projects/uaidecants/instances {}
[info] i  functions: preparing functions directory for uploading... 
[info] i  functions: packaged /workspaces/uaidecants.github.io/functions (85.61 KB) for uploading 
[debug] [2025-08-31T19:40:07.976Z] Checked if tokens are valid: true, expires at: 1756670931091
[debug] [2025-08-31T19:40:07.976Z] Checked if tokens are valid: true, expires at: 1756670931091
[debug] [2025-08-31T19:40:07.976Z] >>> [apiv2][query] GET https://cloudfunctions.googleapis.com/v1/projects/uaidecants/locations/-/functions [none]
[debug] [2025-08-31T19:40:09.122Z] <<< [apiv2][status] GET https://cloudfunctions.googleapis.com/v1/projects/uaidecants/locations/-/functions 200
[debug] [2025-08-31T19:40:09.122Z] <<< [apiv2][body] GET https://cloudfunctions.googleapis.com/v1/projects/uaidecants/locations/-/functions {}
[debug] [2025-08-31T19:40:09.122Z] Checked if tokens are valid: true, expires at: 1756670931091
[debug] [2025-08-31T19:40:09.122Z] Checked if tokens are valid: true, expires at: 1756670931091
[debug] [2025-08-31T19:40:09.122Z] >>> [apiv2][query] GET https://cloudfunctions.googleapis.com/v2/projects/uaidecants/locations/-/functions filter=environment%3D%22GEN_2%22
[debug] [2025-08-31T19:40:10.336Z] <<< [apiv2][status] GET https://cloudfunctions.googleapis.com/v2/projects/uaidecants/locations/-/functions 200
[debug] [2025-08-31T19:40:10.336Z] <<< [apiv2][body] GET https://cloudfunctions.googleapis.com/v2/projects/uaidecants/locations/-/functions {"functions":[{"name":"projects/uaidecants/locations/us-central1/functions/api","buildConfig":{"build":"projects/557662716722/locations/us-central1/builds/3d8c59fe-27cb-4d2c-91e9-f3efd2c169a4","runtime":"nodejs22","entryPoint":"api","source":{"storageSource":{"bucket":"gcf-v2-sources-557662716722-us-central1","object":"api/function-source.zip","generation":"1756668905598978"}},"environmentVariables":{"GOOGLE_NODE_RUN_SCRIPTS":""},"dockerRepository":"projects/uaidecants/locations/us-central1/repositories/gcf-artifacts","sourceProvenance":{"resolvedStorageSource":{"bucket":"gcf-v2-sources-557662716722-us-central1","object":"api/function-source.zip","generation":"1756668905598978"}},"dockerRegistry":"ARTIFACT_REGISTRY","serviceAccount":"projects/uaidecants/serviceAccounts/557662716722-compute@developer.gserviceaccount.com","automaticUpdatePolicy":{}},"serviceConfig":{"service":"projects/uaidecants/locations/us-central1/services/api","timeoutSeconds":60,"environmentVariables":{"FIREBASE_CONFIG":"{\"projectId\":\"uaidecants\",\"storageBucket\":\"uaidecants.firebasestorage.app\"}","GCLOUD_PROJECT":"uaidecants","EVENTARC_CLOUD_EVENT_SOURCE":"projects/uaidecants/locations/us-central1/services/api","FUNCTION_TARGET":"api","LOG_EXECUTION_ID":"true"},"maxInstanceCount":20,"ingressSettings":"ALLOW_ALL","uri":"https://api-jmpq24tita-uc.a.run.app","serviceAccountEmail":"557662716722-compute@developer.gserviceaccount.com","availableMemory":"256Mi","allTrafficOnLatestRevision":true,"secretEnvironmentVariables":[{"key":"ARROZ","projectId":"uaidecants","secret":"ARROZ","version":"1"},{"key":"EMAIL_REMETENTE","projectId":"uaidecants","secret":"EMAIL_REMETENTE","version":"3"}],"revision":"api-00090-jug","maxInstanceRequestConcurrency":80,"availableCpu":"1"},"state":"ACTIVE","updateTime":"2025-08-31T19:36:14.612690069Z","labels":{"deployment-tool":"cli-firebase","firebase-functions-hash":"1b439b09525b027da4c3e7a5ac7114833de0ec65"},"environment":"GEN_2","url":"https://us-central1-uaidecants.cloudfunctions.net/api","createTime":"2025-08-15T08:37:48.636857088Z","satisfiesPzi":true}]}
[info] i  functions: ensuring required API run.googleapis.com is enabled... 
[info] i  functions: ensuring required API eventarc.googleapis.com is enabled... 
[info] i  functions: ensuring required API pubsub.googleapis.com is enabled... 
[info] i  functions: ensuring required API storage.googleapis.com is enabled... 
[info] i  functions: generating the service identity for pubsub.googleapis.com... 
[debug] [2025-08-31T19:40:10.338Z] Checked if tokens are valid: true, expires at: 1756670931091
[debug] [2025-08-31T19:40:10.338Z] Checked if tokens are valid: true, expires at: 1756670931091
[info] i  functions: generating the service identity for eventarc.googleapis.com... 
[debug] [2025-08-31T19:40:10.338Z] Checked if tokens are valid: true, expires at: 1756670931091
[debug] [2025-08-31T19:40:10.338Z] Checked if tokens are valid: true, expires at: 1756670931091
[debug] [2025-08-31T19:40:10.338Z] >>> [apiv2][query] POST https://serviceusage.googleapis.com/v1beta1/projects/557662716722/services/pubsub.googleapis.com:generateServiceIdentity [none]
[debug] [2025-08-31T19:40:10.338Z] >>> [apiv2][(partial)header] POST https://serviceusage.googleapis.com/v1beta1/projects/557662716722/services/pubsub.googleapis.com:generateServiceIdentity x-goog-quota-user=projects/557662716722
[debug] [2025-08-31T19:40:10.338Z] >>> [apiv2][body] POST https://serviceusage.googleapis.com/v1beta1/projects/557662716722/services/pubsub.googleapis.com:generateServiceIdentity {}
[debug] [2025-08-31T19:40:10.339Z] >>> [apiv2][query] POST https://serviceusage.googleapis.com/v1beta1/projects/557662716722/services/eventarc.googleapis.com:generateServiceIdentity [none]
[debug] [2025-08-31T19:40:10.340Z] >>> [apiv2][(partial)header] POST https://serviceusage.googleapis.com/v1beta1/projects/557662716722/services/eventarc.googleapis.com:generateServiceIdentity x-goog-quota-user=projects/557662716722
[debug] [2025-08-31T19:40:10.340Z] >>> [apiv2][body] POST https://serviceusage.googleapis.com/v1beta1/projects/557662716722/services/eventarc.googleapis.com:generateServiceIdentity {}
[debug] [2025-08-31T19:40:11.501Z] <<< [apiv2][status] POST https://serviceusage.googleapis.com/v1beta1/projects/557662716722/services/pubsub.googleapis.com:generateServiceIdentity 200
[debug] [2025-08-31T19:40:11.501Z] <<< [apiv2][body] POST https://serviceusage.googleapis.com/v1beta1/projects/557662716722/services/pubsub.googleapis.com:generateServiceIdentity {"name":"operations/finished.DONE_OPERATION","done":true,"response":{"@type":"type.googleapis.com/google.api.serviceusage.v1beta1.ServiceIdentity","email":"service-557662716722@gcp-sa-pubsub.iam.gserviceaccount.com","uniqueId":"101336376149152124078"}}
[debug] [2025-08-31T19:40:11.568Z] <<< [apiv2][status] POST https://serviceusage.googleapis.com/v1beta1/projects/557662716722/services/eventarc.googleapis.com:generateServiceIdentity 200
[debug] [2025-08-31T19:40:11.568Z] <<< [apiv2][body] POST https://serviceusage.googleapis.com/v1beta1/projects/557662716722/services/eventarc.googleapis.com:generateServiceIdentity {"name":"operations/finished.DONE_OPERATION","done":true,"response":{"@type":"type.googleapis.com/google.api.serviceusage.v1beta1.ServiceIdentity","email":"service-557662716722@gcp-sa-eventarc.iam.gserviceaccount.com","uniqueId":"116190439943659315484"}}
[info] i  functions: ensuring required API secretmanager.googleapis.com is enabled... 
[debug] [2025-08-31T19:40:11.569Z] Checked if tokens are valid: true, expires at: 1756670931091
[debug] [2025-08-31T19:40:11.569Z] Checked if tokens are valid: true, expires at: 1756670931091
[debug] [2025-08-31T19:40:11.569Z] Checked if tokens are valid: true, expires at: 1756670931091
[debug] [2025-08-31T19:40:11.569Z] Checked if tokens are valid: true, expires at: 1756670931091
[debug] [2025-08-31T19:40:11.569Z] >>> [apiv2][query] GET https://secretmanager.googleapis.com/v1/projects/uaidecants/secrets/ARROZ/versions/latest [none]
[debug] [2025-08-31T19:40:11.570Z] >>> [apiv2][query] GET https://secretmanager.googleapis.com/v1/projects/uaidecants/secrets/EMAIL_REMETENTE/versions/latest [none]
[debug] [2025-08-31T19:40:11.995Z] <<< [apiv2][status] GET https://secretmanager.googleapis.com/v1/projects/uaidecants/secrets/EMAIL_REMETENTE/versions/latest 200
[debug] [2025-08-31T19:40:11.995Z] <<< [apiv2][body] GET https://secretmanager.googleapis.com/v1/projects/uaidecants/secrets/EMAIL_REMETENTE/versions/latest {"name":"projects/557662716722/secrets/EMAIL_REMETENTE/versions/3","createTime":"2025-08-29T00:14:49.366512Z","state":"ENABLED","replicationStatus":{"automatic":{}},"etag":"\"163d75e8f907f0\""}
[debug] [2025-08-31T19:40:11.995Z] Resolved secret version of EMAIL_REMETENTE to 3.
[debug] [2025-08-31T19:40:12.019Z] <<< [apiv2][status] GET https://secretmanager.googleapis.com/v1/projects/uaidecants/secrets/ARROZ/versions/latest 200
[debug] [2025-08-31T19:40:12.020Z] <<< [apiv2][body] GET https://secretmanager.googleapis.com/v1/projects/uaidecants/secrets/ARROZ/versions/latest {"name":"projects/557662716722/secrets/ARROZ/versions/1","createTime":"2025-08-28T23:12:25.177752Z","state":"ENABLED","replicationStatus":{"automatic":{}},"etag":"\"163d7509cd3e98\"","clientSpecifiedPayloadChecksum":true}
[debug] [2025-08-31T19:40:12.020Z] Resolved secret version of ARROZ to 1.
[debug] [2025-08-31T19:40:12.021Z] Checked if tokens are valid: true, expires at: 1756670931091
[debug] [2025-08-31T19:40:12.021Z] Checked if tokens are valid: true, expires at: 1756670931091
[debug] [2025-08-31T19:40:12.021Z] >>> [apiv2][query] GET https://cloudresourcemanager.googleapis.com/v1/projects/uaidecants [none]
[debug] [2025-08-31T19:40:12.938Z] <<< [apiv2][status] GET https://cloudresourcemanager.googleapis.com/v1/projects/uaidecants 200
[debug] [2025-08-31T19:40:12.938Z] <<< [apiv2][body] GET https://cloudresourcemanager.googleapis.com/v1/projects/uaidecants {"projectNumber":"557662716722","projectId":"uaidecants","lifecycleState":"ACTIVE","name":"uaidecants","labels":{"firebase":"enabled","firebase-core":"disabled"},"createTime":"2025-08-15T04:02:43.636914Z"}
[debug] [2025-08-31T19:40:12.938Z] Checked if tokens are valid: true, expires at: 1756670931091
[debug] [2025-08-31T19:40:12.938Z] Checked if tokens are valid: true, expires at: 1756670931091
[debug] [2025-08-31T19:40:12.938Z] >>> [apiv2][query] GET https://compute.googleapis.com/compute/v1/projects/557662716722 [none]
[debug] [2025-08-31T19:40:13.344Z] <<< [apiv2][status] GET https://compute.googleapis.com/compute/v1/projects/557662716722 403
[debug] [2025-08-31T19:40:13.344Z] <<< [apiv2][body] GET https://compute.googleapis.com/compute/v1/projects/557662716722 {"error":{"code":403,"message":"Compute Engine API has not been used in project 557662716722 before or it is disabled. Enable it by visiting https://console.developers.google.com/apis/api/compute.googleapis.com/overview?project=557662716722 then retry. If you enabled this API recently, wait a few minutes for the action to propagate to our systems and retry.","errors":[{"message":"Compute Engine API has not been used in project 557662716722 before or it is disabled. Enable it by visiting https://console.developers.google.com/apis/api/compute.googleapis.com/overview?project=557662716722 then retry. If you enabled this API recently, wait a few minutes for the action to propagate to our systems and retry.","domain":"usageLimits","reason":"accessNotConfigured","extendedHelp":"https://console.developers.google.com"}],"status":"PERMISSION_DENIED","details":[{"@type":"type.googleapis.com/google.rpc.ErrorInfo","reason":"SERVICE_DISABLED","domain":"googleapis.com","metadata":{"activationUrl":"https://console.developers.google.com/apis/api/compute.googleapis.com/overview?project=557662716722","containerInfo":"557662716722","serviceTitle":"Compute Engine API","service":"compute.googleapis.com","consumer":"projects/557662716722"}},{"@type":"type.googleapis.com/google.rpc.LocalizedMessage","locale":"en-US","message":"Compute Engine API has not been used in project 557662716722 before or it is disabled. Enable it by visiting https://console.developers.google.com/apis/api/compute.googleapis.com/overview?project=557662716722 then retry. If you enabled this API recently, wait a few minutes for the action to propagate to our systems and retry."},{"@type":"type.googleapis.com/google.rpc.Help","links":[{"description":"Google developers console API activation","url":"https://console.developers.google.com/apis/api/compute.googleapis.com/overview?project=557662716722"}]}]}}
[debug] [2025-08-31T19:40:13.345Z] unable to look up default compute service account. Falling back to 557662716722-compute@developer.gserviceaccount.com. Error: {"name":"FirebaseError","children":[],"context":{"body":{"error":{"code":403,"message":"Compute Engine API has not been used in project 557662716722 before or it is disabled. Enable it by visiting https://console.developers.google.com/apis/api/compute.googleapis.com/overview?project=557662716722 then retry. If you enabled this API recently, wait a few minutes for the action to propagate to our systems and retry.","errors":[{"message":"Compute Engine API has not been used in project 557662716722 before or it is disabled. Enable it by visiting https://console.developers.google.com/apis/api/compute.googleapis.com/overview?project=557662716722 then retry. If you enabled this API recently, wait a few minutes for the action to propagate to our systems and retry.","domain":"usageLimits","reason":"accessNotConfigured","extendedHelp":"https://console.developers.google.com"}],"status":"PERMISSION_DENIED","details":[{"@type":"type.googleapis.com/google.rpc.ErrorInfo","reason":"SERVICE_DISABLED","domain":"googleapis.com","metadata":{"activationUrl":"https://console.developers.google.com/apis/api/compute.googleapis.com/overview?project=557662716722","containerInfo":"557662716722","serviceTitle":"Compute Engine API","service":"compute.googleapis.com","consumer":"projects/557662716722"}},{"@type":"type.googleapis.com/google.rpc.LocalizedMessage","locale":"en-US","message":"Compute Engine API has not been used in project 557662716722 before or it is disabled. Enable it by visiting https://console.developers.google.com/apis/api/compute.googleapis.com/overview?project=557662716722 then retry. If you enabled this API recently, wait a few minutes for the action to propagate to our systems and retry."},{"@type":"type.googleapis.com/google.rpc.Help","links":[{"description":"Google developers console API activation","url":"https://console.developers.google.com/apis/api/compute.googleapis.com/overview?project=557662716722"}]}]}},"response":{"statusCode":403}},"exit":1,"message":"Request to https://compute.googleapis.com/compute/v1/projects/557662716722 had HTTP Error: 403, Compute Engine API has not been used in project 557662716722 before or it is disabled. Enable it by visiting https://console.developers.google.com/apis/api/compute.googleapis.com/overview?project=557662716722 then retry. If you enabled this API recently, wait a few minutes for the action to propagate to our systems and retry.","status":403}
[debug] [2025-08-31T19:40:13.345Z] Checked if tokens are valid: true, expires at: 1756670931091
[debug] [2025-08-31T19:40:13.345Z] Checked if tokens are valid: true, expires at: 1756670931091
[debug] [2025-08-31T19:40:13.345Z] >>> [apiv2][query] GET https://cloudbilling.googleapis.com/v1/projects/uaidecants/billingInfo [none]
[debug] [2025-08-31T19:40:14.473Z] <<< [apiv2][status] GET https://cloudbilling.googleapis.com/v1/projects/uaidecants/billingInfo 200
[debug] [2025-08-31T19:40:14.473Z] <<< [apiv2][body] GET https://cloudbilling.googleapis.com/v1/projects/uaidecants/billingInfo {"name":"projects/uaidecants/billingInfo","projectId":"uaidecants","billingAccountName":"billingAccounts/014BDB-9E6E8B-6CB859","billingEnabled":true}
[debug] [2025-08-31T19:40:14.474Z] Checked if tokens are valid: true, expires at: 1756670931091
[debug] [2025-08-31T19:40:14.474Z] Checked if tokens are valid: true, expires at: 1756670931091
[debug] [2025-08-31T19:40:14.474Z] >>> [apiv2][query] POST https://cloudfunctions.googleapis.com/v2/projects/uaidecants/locations/us-central1/functions:generateUploadUrl [none]
[debug] [2025-08-31T19:40:14.822Z] <<< [apiv2][status] POST https://cloudfunctions.googleapis.com/v2/projects/uaidecants/locations/us-central1/functions:generateUploadUrl 200
[debug] [2025-08-31T19:40:14.822Z] <<< [apiv2][body] POST https://cloudfunctions.googleapis.com/v2/projects/uaidecants/locations/us-central1/functions:generateUploadUrl {"uploadUrl":"https://storage.googleapis.com/gcf-v2-uploads-557662716722.us-central1.cloudfunctions.appspot.com/bd403ee5-0af1-4a37-a5f4-97c7f3481ea6.zip?GoogleAccessId=service-557662716722@gcf-admin-robot.iam.gserviceaccount.com&Expires=1756671014&Signature=JLFv3crsDasQWHB75QqdlThgMaWhdd%2BqsDzlnqoOQ4ZcuFmEUwz6gKGTIC4Ut1dUVgfy2StHKgJ3CP5HEFmv5DNgin%2BRW1B2ZAwubBmsIhvsm7IOA553CMBlKP8l1GnuKWHn6v%2FMu0rYVPMwAyWP5%2BwCp%2FAA18NANzGl8rXIfwPNHRQKk%2BN6wpvkd3tngSNFu%2FEnN8FClD8f8vNvW2SgQTouYIZwRoVJjyiPvLmS32eGkiY4d8voCg0QhTLF0l9rDYsNe6HVVnNmzmHpDuXsIjRHRBHkoy%2FcT6U7Qmc66YmuZFA8o716Q%2FP%2Fx21R3U5Du%2Bi18DCgDE7X2mbigBpuiA%3D%3D","storageSource":{"bucket":"gcf-v2-uploads-557662716722.us-central1.cloudfunctions.appspot.com","object":"bd403ee5-0af1-4a37-a5f4-97c7f3481ea6.zip"}}
[debug] [2025-08-31T19:40:14.823Z] >>> [apiv2][query] PUT https://storage.googleapis.com/gcf-v2-uploads-557662716722.us-central1.cloudfunctions.appspot.com/bd403ee5-0af1-4a37-a5f4-97c7f3481ea6.zip GoogleAccessId=service-557662716722%40gcf-admin-robot.iam.gserviceaccount.com&Expires=1756671014&Signature=JLFv3crsDasQWHB75QqdlThgMaWhdd%2BqsDzlnqoOQ4ZcuFmEUwz6gKGTIC4Ut1dUVgfy2StHKgJ3CP5HEFmv5DNgin%2BRW1B2ZAwubBmsIhvsm7IOA553CMBlKP8l1GnuKWHn6v%2FMu0rYVPMwAyWP5%2BwCp%2FAA18NANzGl8rXIfwPNHRQKk%2BN6wpvkd3tngSNFu%2FEnN8FClD8f8vNvW2SgQTouYIZwRoVJjyiPvLmS32eGkiY4d8voCg0QhTLF0l9rDYsNe6HVVnNmzmHpDuXsIjRHRBHkoy%2FcT6U7Qmc66YmuZFA8o716Q%2FP%2Fx21R3U5Du%2Bi18DCgDE7X2mbigBpuiA%3D%3D
[debug] [2025-08-31T19:40:14.823Z] >>> [apiv2][body] PUT https://storage.googleapis.com/gcf-v2-uploads-557662716722.us-central1.cloudfunctions.appspot.com/bd403ee5-0af1-4a37-a5f4-97c7f3481ea6.zip [stream]
[debug] [2025-08-31T19:40:15.558Z] <<< [apiv2][status] PUT https://storage.googleapis.com/gcf-v2-uploads-557662716722.us-central1.cloudfunctions.appspot.com/bd403ee5-0af1-4a37-a5f4-97c7f3481ea6.zip 200
[debug] [2025-08-31T19:40:15.559Z] <<< [apiv2][body] PUT https://storage.googleapis.com/gcf-v2-uploads-557662716722.us-central1.cloudfunctions.appspot.com/bd403ee5-0af1-4a37-a5f4-97c7f3481ea6.zip [omitted]
[info] ✔  functions: functions folder uploaded successfully 
[info] i  functions: updating Node.js 22 (2nd Gen) function api(us-central1)... 
[debug] [2025-08-31T19:40:15.561Z] Checked if tokens are valid: true, expires at: 1756670931091
[debug] [2025-08-31T19:40:15.561Z] Checked if tokens are valid: true, expires at: 1756670931091
[debug] [2025-08-31T19:40:15.561Z] >>> [apiv2][query] PATCH https://cloudfunctions.googleapis.com/v2/projects/uaidecants/locations/us-central1/functions/api updateMask=name%2CbuildConfig.runtime%2CbuildConfig.entryPoint%2CbuildConfig.source.storageSource.bucket%2CbuildConfig.source.storageSource.object%2CbuildConfig.environmentVariables%2CbuildConfig.sourceToken%2CserviceConfig.environmentVariables%2CserviceConfig.secretEnvironmentVariables%2CserviceConfig.ingressSettings%2CserviceConfig.timeoutSeconds%2CserviceConfig.serviceAccountEmail%2CserviceConfig.availableMemory%2CserviceConfig.minInstanceCount%2CserviceConfig.maxInstanceCount%2CserviceConfig.maxInstanceRequestConcurrency%2CserviceConfig.availableCpu%2CserviceConfig.vpcConnector%2CserviceConfig.vpcConnectorEgressSettings%2Clabels
[debug] [2025-08-31T19:40:15.561Z] >>> [apiv2][body] PATCH https://cloudfunctions.googleapis.com/v2/projects/uaidecants/locations/us-central1/functions/api {"name":"projects/uaidecants/locations/us-central1/functions/api","buildConfig":{"runtime":"nodejs22","entryPoint":"api","source":{"storageSource":{"bucket":"gcf-v2-uploads-557662716722.us-central1.cloudfunctions.appspot.com","object":"bd403ee5-0af1-4a37-a5f4-97c7f3481ea6.zip"}},"environmentVariables":{"GOOGLE_NODE_RUN_SCRIPTS":""}},"serviceConfig":{"environmentVariables":{"FIREBASE_CONFIG":"{\"projectId\":\"uaidecants\",\"storageBucket\":\"uaidecants.firebasestorage.app\"}","GCLOUD_PROJECT":"uaidecants","EVENTARC_CLOUD_EVENT_SOURCE":"projects/uaidecants/locations/us-central1/services/api","FUNCTION_TARGET":"api","LOG_EXECUTION_ID":"true"},"secretEnvironmentVariables":[{"key":"ARROZ","secret":"ARROZ","projectId":"uaidecants","version":"1"},{"key":"EMAIL_REMETENTE","secret":"EMAIL_REMETENTE","projectId":"uaidecants","version":"3"}],"ingressSettings":null,"timeoutSeconds":60,"serviceAccountEmail":null,"availableMemory":"256Mi","minInstanceCount":0,"maxInstanceCount":20,"maxInstanceRequestConcurrency":80,"availableCpu":"1","vpcConnector":null,"vpcConnectorEgressSettings":null},"labels":{"deployment-tool":"cli-firebase","firebase-functions-hash":"1b439b09525b027da4c3e7a5ac7114833de0ec65"}}
[debug] [2025-08-31T19:40:17.365Z] <<< [apiv2][status] PATCH https://cloudfunctions.googleapis.com/v2/projects/uaidecants/locations/us-central1/functions/api 200
[debug] [2025-08-31T19:40:17.366Z] <<< [apiv2][body] PATCH https://cloudfunctions.googleapis.com/v2/projects/uaidecants/locations/us-central1/functions/api {"name":"projects/uaidecants/locations/us-central1/operations/operation-1756669216641-63dae6ca553ce-00a4a338-0cedd46c","metadata":{"@type":"type.googleapis.com/google.cloud.functions.v2.OperationMetadata","createTime":"2025-08-31T19:40:17.496630780Z","target":"projects/uaidecants/locations/us-central1/functions/api","verb":"update","cancelRequested":false,"apiVersion":"v2"},"done":false}
[debug] [2025-08-31T19:40:17.366Z] Checked if tokens are valid: true, expires at: 1756670931091
[debug] [2025-08-31T19:40:17.366Z] Checked if tokens are valid: true, expires at: 1756670931091
[debug] [2025-08-31T19:40:17.366Z] >>> [apiv2][query] GET https://cloudfunctions.googleapis.com/v2/projects/uaidecants/locations/us-central1/operations/operation-1756669216641-63dae6ca553ce-00a4a338-0cedd46c [none]
[debug] [2025-08-31T19:40:18.318Z] <<< [apiv2][status] GET https://cloudfunctions.googleapis.com/v2/projects/uaidecants/locations/us-central1/operations/operation-1756669216641-63dae6ca553ce-00a4a338-0cedd46c 200
[debug] [2025-08-31T19:40:18.318Z] <<< [apiv2][body] GET https://cloudfunctions.googleapis.com/v2/projects/uaidecants/locations/us-central1/operations/operation-1756669216641-63dae6ca553ce-00a4a338-0cedd46c {"name":"projects/uaidecants/locations/us-central1/operations/operation-1756669216641-63dae6ca553ce-00a4a338-0cedd46c","metadata":{"@type":"type.googleapis.com/google.cloud.functions.v2.OperationMetadata","createTime":"2025-08-31T19:40:17.496630780Z","target":"projects/uaidecants/locations/us-central1/functions/api","verb":"update","cancelRequested":false,"apiVersion":"v2","requestResource":{"@type":"type.googleapis.com/google.cloud.functions.v2.Function","name":"projects/uaidecants/locations/us-central1/functions/api","buildConfig":{"runtime":"nodejs22","entryPoint":"api","source":{"storageSource":{"bucket":"gcf-v2-sources-557662716722-us-central1","object":"api/function-source.zip","generation":"1756669217450099"}},"environmentVariables":{"GOOGLE_NODE_RUN_SCRIPTS":""},"dockerRepository":"projects/uaidecants/locations/us-central1/repositories/gcf-artifacts","sourceProvenance":{"resolvedStorageSource":{"bucket":"gcf-v2-sources-557662716722-us-central1","object":"api/function-source.zip","generation":"1756668905598978"}},"dockerRegistry":"ARTIFACT_REGISTRY","serviceAccount":"projects/uaidecants/serviceAccounts/557662716722-compute@developer.gserviceaccount.com","automaticUpdatePolicy":{}},"serviceConfig":{"service":"projects/uaidecants/locations/us-central1/services/api","timeoutSeconds":60,"environmentVariables":{"FIREBASE_CONFIG":"{\"projectId\":\"uaidecants\",\"storageBucket\":\"uaidecants.firebasestorage.app\"}","GCLOUD_PROJECT":"uaidecants","EVENTARC_CLOUD_EVENT_SOURCE":"projects/uaidecants/locations/us-central1/services/api","FUNCTION_TARGET":"api","LOG_EXECUTION_ID":"true"},"maxInstanceCount":20,"ingressSettings":"ALLOW_ALL","uri":"https://api-jmpq24tita-uc.a.run.app","serviceAccountEmail":"557662716722-compute@developer.gserviceaccount.com","availableMemory":"256Mi","allTrafficOnLatestRevision":true,"secretEnvironmentVariables":[{"key":"ARROZ","projectId":"uaidecants","secret":"ARROZ","version":"1"},{"key":"EMAIL_REMETENTE","projectId":"uaidecants","secret":"EMAIL_REMETENTE","version":"3"}],"revision":"api-00090-jug","maxInstanceRequestConcurrency":80,"availableCpu":"1"},"state":"ACTIVE","labels":{"deployment-tool":"cloud-console","firebase-functions-hash":"1b439b09525b027da4c3e7a5ac7114833de0ec65"},"environment":"GEN_2","url":"https://us-central1-uaidecants.cloudfunctions.net/api","satisfiesPzi":true},"stages":[{"name":"BUILD","message":"Build in progress","state":"IN_PROGRESS","resource":"projects/557662716722/locations/us-central1/builds/c07778f2-3dbc-4b30-9359-c084533a811f","resourceUri":"https://console.cloud.google.com/cloud-build/builds;region=us-central1/c07778f2-3dbc-4b30-9359-c084533a811f?project=557662716722"},{"name":"SERVICE","state":"NOT_STARTED"}],"operationType":"UPDATE_FUNCTION","buildName":"projects/557662716722/locations/us-central1/builds/c07778f2-3dbc-4b30-9359-c084533a811f"},"done":false}
[debug] [2025-08-31T19:40:18.820Z] [update-default-us-central1-api] Retrying task index 0
[debug] [2025-08-31T19:40:18.820Z] Checked if tokens are valid: true, expires at: 1756670931091
[debug] [2025-08-31T19:40:18.820Z] Checked if tokens are valid: true, expires at: 1756670931091
[debug] [2025-08-31T19:40:18.820Z] >>> [apiv2][query] GET https://cloudfunctions.googleapis.com/v2/projects/uaidecants/locations/us-central1/operations/operation-1756669216641-63dae6ca553ce-00a4a338-0cedd46c [none]
[debug] [2025-08-31T19:40:19.709Z] <<< [apiv2][status] GET https://cloudfunctions.googleapis.com/v2/projects/uaidecants/locations/us-central1/operations/operation-1756669216641-63dae6ca553ce-00a4a338-0cedd46c 200
[debug] [2025-08-31T19:40:19.709Z] <<< [apiv2][body] GET https://cloudfunctions.googleapis.com/v2/projects/uaidecants/locations/us-central1/operations/operation-1756669216641-63dae6ca553ce-00a4a338-0cedd46c {"name":"projects/uaidecants/locations/us-central1/operations/operation-1756669216641-63dae6ca553ce-00a4a338-0cedd46c","metadata":{"@type":"type.googleapis.com/google.cloud.functions.v2.OperationMetadata","createTime":"2025-08-31T19:40:17.496630780Z","target":"projects/uaidecants/locations/us-central1/functions/api","verb":"update","cancelRequested":false,"apiVersion":"v2","requestResource":{"@type":"type.googleapis.com/google.cloud.functions.v2.Function","name":"projects/uaidecants/locations/us-central1/functions/api","buildConfig":{"runtime":"nodejs22","entryPoint":"api","source":{"storageSource":{"bucket":"gcf-v2-sources-557662716722-us-central1","object":"api/function-source.zip","generation":"1756669217450099"}},"environmentVariables":{"GOOGLE_NODE_RUN_SCRIPTS":""},"dockerRepository":"projects/uaidecants/locations/us-central1/repositories/gcf-artifacts","sourceProvenance":{"resolvedStorageSource":{"bucket":"gcf-v2-sources-557662716722-us-central1","object":"api/function-source.zip","generation":"1756668905598978"}},"dockerRegistry":"ARTIFACT_REGISTRY","serviceAccount":"projects/uaidecants/serviceAccounts/557662716722-compute@developer.gserviceaccount.com","automaticUpdatePolicy":{}},"serviceConfig":{"service":"projects/uaidecants/locations/us-central1/services/api","timeoutSeconds":60,"environmentVariables":{"FIREBASE_CONFIG":"{\"projectId\":\"uaidecants\",\"storageBucket\":\"uaidecants.firebasestorage.app\"}","GCLOUD_PROJECT":"uaidecants","EVENTARC_CLOUD_EVENT_SOURCE":"projects/uaidecants/locations/us-central1/services/api","FUNCTION_TARGET":"api","LOG_EXECUTION_ID":"true"},"maxInstanceCount":20,"ingressSettings":"ALLOW_ALL","uri":"https://api-jmpq24tita-uc.a.run.app","serviceAccountEmail":"557662716722-compute@developer.gserviceaccount.com","availableMemory":"256Mi","allTrafficOnLatestRevision":true,"secretEnvironmentVariables":[{"key":"ARROZ","projectId":"uaidecants","secret":"ARROZ","version":"1"},{"key":"EMAIL_REMETENTE","projectId":"uaidecants","secret":"EMAIL_REMETENTE","version":"3"}],"revision":"api-00090-jug","maxInstanceRequestConcurrency":80,"availableCpu":"1"},"state":"ACTIVE","labels":{"deployment-tool":"cloud-console","firebase-functions-hash":"1b439b09525b027da4c3e7a5ac7114833de0ec65"},"environment":"GEN_2","url":"https://us-central1-uaidecants.cloudfunctions.net/api","satisfiesPzi":true},"stages":[{"name":"BUILD","message":"Build in progress","state":"IN_PROGRESS","resource":"projects/557662716722/locations/us-central1/builds/c07778f2-3dbc-4b30-9359-c084533a811f","resourceUri":"https://console.cloud.google.com/cloud-build/builds;region=us-central1/c07778f2-3dbc-4b30-9359-c084533a811f?project=557662716722"},{"name":"SERVICE","state":"NOT_STARTED"}],"operationType":"UPDATE_FUNCTION","buildName":"projects/557662716722/locations/us-central1/builds/c07778f2-3dbc-4b30-9359-c084533a811f"},"done":false}
[debug] [2025-08-31T19:40:20.710Z] [update-default-us-central1-api] Retrying task index 0
[debug] [2025-08-31T19:40:20.711Z] Checked if tokens are valid: true, expires at: 1756670931091
[debug] [2025-08-31T19:40:20.711Z] Checked if tokens are valid: true, expires at: 1756670931091
[debug] [2025-08-31T19:40:20.711Z] >>> [apiv2][query] GET https://cloudfunctions.googleapis.com/v2/projects/uaidecants/locations/us-central1/operations/operation-1756669216641-63dae6ca553ce-00a4a338-0cedd46c [none]
[debug] [2025-08-31T19:40:21.639Z] <<< [apiv2][status] GET https://cloudfunctions.googleapis.com/v2/projects/uaidecants/locations/us-central1/operations/operation-1756669216641-63dae6ca553ce-00a4a338-0cedd46c 200
[debug] [2025-08-31T19:40:21.640Z] <<< [apiv2][body] GET https://cloudfunctions.googleapis.com/v2/projects/uaidecants/locations/us-central1/operations/operation-1756669216641-63dae6ca553ce-00a4a338-0cedd46c {"name":"projects/uaidecants/locations/us-central1/operations/operation-1756669216641-63dae6ca553ce-00a4a338-0cedd46c","metadata":{"@type":"type.googleapis.com/google.cloud.functions.v2.OperationMetadata","createTime":"2025-08-31T19:40:17.496630780Z","target":"projects/uaidecants/locations/us-central1/functions/api","verb":"update","cancelRequested":false,"apiVersion":"v2","requestResource":{"@type":"type.googleapis.com/google.cloud.functions.v2.Function","name":"projects/uaidecants/locations/us-central1/functions/api","buildConfig":{"runtime":"nodejs22","entryPoint":"api","source":{"storageSource":{"bucket":"gcf-v2-sources-557662716722-us-central1","object":"api/function-source.zip","generation":"1756669217450099"}},"environmentVariables":{"GOOGLE_NODE_RUN_SCRIPTS":""},"dockerRepository":"projects/uaidecants/locations/us-central1/repositories/gcf-artifacts","sourceProvenance":{"resolvedStorageSource":{"bucket":"gcf-v2-sources-557662716722-us-central1","object":"api/function-source.zip","generation":"1756668905598978"}},"dockerRegistry":"ARTIFACT_REGISTRY","serviceAccount":"projects/uaidecants/serviceAccounts/557662716722-compute@developer.gserviceaccount.com","automaticUpdatePolicy":{}},"serviceConfig":{"service":"projects/uaidecants/locations/us-central1/services/api","timeoutSeconds":60,"environmentVariables":{"FIREBASE_CONFIG":"{\"projectId\":\"uaidecants\",\"storageBucket\":\"uaidecants.firebasestorage.app\"}","GCLOUD_PROJECT":"uaidecants","EVENTARC_CLOUD_EVENT_SOURCE":"projects/uaidecants/locations/us-central1/services/api","FUNCTION_TARGET":"api","LOG_EXECUTION_ID":"true"},"maxInstanceCount":20,"ingressSettings":"ALLOW_ALL","uri":"https://api-jmpq24tita-uc.a.run.app","serviceAccountEmail":"557662716722-compute@developer.gserviceaccount.com","availableMemory":"256Mi","allTrafficOnLatestRevision":true,"secretEnvironmentVariables":[{"key":"ARROZ","projectId":"uaidecants","secret":"ARROZ","version":"1"},{"key":"EMAIL_REMETENTE","projectId":"uaidecants","secret":"EMAIL_REMETENTE","version":"3"}],"revision":"api-00090-jug","maxInstanceRequestConcurrency":80,"availableCpu":"1"},"state":"ACTIVE","labels":{"deployment-tool":"cloud-console","firebase-functions-hash":"1b439b09525b027da4c3e7a5ac7114833de0ec65"},"environment":"GEN_2","url":"https://us-central1-uaidecants.cloudfunctions.net/api","satisfiesPzi":true},"stages":[{"name":"BUILD","message":"Build in progress","state":"IN_PROGRESS","resource":"projects/557662716722/locations/us-central1/builds/c07778f2-3dbc-4b30-9359-c084533a811f","resourceUri":"https://console.cloud.google.com/cloud-build/builds;region=us-central1/c07778f2-3dbc-4b30-9359-c084533a811f?project=557662716722"},{"name":"SERVICE","state":"NOT_STARTED"}],"operationType":"UPDATE_FUNCTION","buildName":"projects/557662716722/locations/us-central1/builds/c07778f2-3dbc-4b30-9359-c084533a811f"},"done":false}
[debug] [2025-08-31T19:40:23.642Z] [update-default-us-central1-api] Retrying task index 0
[debug] [2025-08-31T19:40:23.642Z] Checked if tokens are valid: true, expires at: 1756670931091
[debug] [2025-08-31T19:40:23.642Z] Checked if tokens are valid: true, expires at: 1756670931091
[debug] [2025-08-31T19:40:23.643Z] >>> [apiv2][query] GET https://cloudfunctions.googleapis.com/v2/projects/uaidecants/locations/us-central1/operations/operation-1756669216641-63dae6ca553ce-00a4a338-0cedd46c [none]
[debug] [2025-08-31T19:40:24.756Z] <<< [apiv2][status] GET https://cloudfunctions.googleapis.com/v2/projects/uaidecants/locations/us-central1/operations/operation-1756669216641-63dae6ca553ce-00a4a338-0cedd46c 200
[debug] [2025-08-31T19:40:24.756Z] <<< [apiv2][body] GET https://cloudfunctions.googleapis.com/v2/projects/uaidecants/locations/us-central1/operations/operation-1756669216641-63dae6ca553ce-00a4a338-0cedd46c {"name":"projects/uaidecants/locations/us-central1/operations/operation-1756669216641-63dae6ca553ce-00a4a338-0cedd46c","metadata":{"@type":"type.googleapis.com/google.cloud.functions.v2.OperationMetadata","createTime":"2025-08-31T19:40:17.496630780Z","target":"projects/uaidecants/locations/us-central1/functions/api","verb":"update","cancelRequested":false,"apiVersion":"v2","requestResource":{"@type":"type.googleapis.com/google.cloud.functions.v2.Function","name":"projects/uaidecants/locations/us-central1/functions/api","buildConfig":{"runtime":"nodejs22","entryPoint":"api","source":{"storageSource":{"bucket":"gcf-v2-sources-557662716722-us-central1","object":"api/function-source.zip","generation":"1756669217450099"}},"environmentVariables":{"GOOGLE_NODE_RUN_SCRIPTS":""},"dockerRepository":"projects/uaidecants/locations/us-central1/repositories/gcf-artifacts","sourceProvenance":{"resolvedStorageSource":{"bucket":"gcf-v2-sources-557662716722-us-central1","object":"api/function-source.zip","generation":"1756668905598978"}},"dockerRegistry":"ARTIFACT_REGISTRY","serviceAccount":"projects/uaidecants/serviceAccounts/557662716722-compute@developer.gserviceaccount.com","automaticUpdatePolicy":{}},"serviceConfig":{"service":"projects/uaidecants/locations/us-central1/services/api","timeoutSeconds":60,"environmentVariables":{"FIREBASE_CONFIG":"{\"projectId\":\"uaidecants\",\"storageBucket\":\"uaidecants.firebasestorage.app\"}","GCLOUD_PROJECT":"uaidecants","EVENTARC_CLOUD_EVENT_SOURCE":"projects/uaidecants/locations/us-central1/services/api","FUNCTION_TARGET":"api","LOG_EXECUTION_ID":"true"},"maxInstanceCount":20,"ingressSettings":"ALLOW_ALL","uri":"https://api-jmpq24tita-uc.a.run.app","serviceAccountEmail":"557662716722-compute@developer.gserviceaccount.com","availableMemory":"256Mi","allTrafficOnLatestRevision":true,"secretEnvironmentVariables":[{"key":"ARROZ","projectId":"uaidecants","secret":"ARROZ","version":"1"},{"key":"EMAIL_REMETENTE","projectId":"uaidecants","secret":"EMAIL_REMETENTE","version":"3"}],"revision":"api-00090-jug","maxInstanceRequestConcurrency":80,"availableCpu":"1"},"state":"ACTIVE","labels":{"deployment-tool":"cloud-console","firebase-functions-hash":"1b439b09525b027da4c3e7a5ac7114833de0ec65"},"environment":"GEN_2","url":"https://us-central1-uaidecants.cloudfunctions.net/api","satisfiesPzi":true},"stages":[{"name":"BUILD","message":"Build in progress","state":"IN_PROGRESS","resource":"projects/557662716722/locations/us-central1/builds/c07778f2-3dbc-4b30-9359-c084533a811f","resourceUri":"https://console.cloud.google.com/cloud-build/builds;region=us-central1/c07778f2-3dbc-4b30-9359-c084533a811f?project=557662716722"},{"name":"SERVICE","state":"NOT_STARTED"}],"operationType":"UPDATE_FUNCTION","buildName":"projects/557662716722/locations/us-central1/builds/c07778f2-3dbc-4b30-9359-c084533a811f"},"done":false}
[debug] [2025-08-31T19:40:28.756Z] [update-default-us-central1-api] Retrying task index 0
[debug] [2025-08-31T19:40:28.756Z] Checked if tokens are valid: true, expires at: 1756670931091
[debug] [2025-08-31T19:40:28.756Z] Checked if tokens are valid: true, expires at: 1756670931091
[debug] [2025-08-31T19:40:28.757Z] >>> [apiv2][query] GET https://cloudfunctions.googleapis.com/v2/projects/uaidecants/locations/us-central1/operations/operation-1756669216641-63dae6ca553ce-00a4a338-0cedd46c [none]
[debug] [2025-08-31T19:40:29.701Z] <<< [apiv2][status] GET https://cloudfunctions.googleapis.com/v2/projects/uaidecants/locations/us-central1/operations/operation-1756669216641-63dae6ca553ce-00a4a338-0cedd46c 200
[debug] [2025-08-31T19:40:29.701Z] <<< [apiv2][body] GET https://cloudfunctions.googleapis.com/v2/projects/uaidecants/locations/us-central1/operations/operation-1756669216641-63dae6ca553ce-00a4a338-0cedd46c {"name":"projects/uaidecants/locations/us-central1/operations/operation-1756669216641-63dae6ca553ce-00a4a338-0cedd46c","metadata":{"@type":"type.googleapis.com/google.cloud.functions.v2.OperationMetadata","createTime":"2025-08-31T19:40:17.496630780Z","target":"projects/uaidecants/locations/us-central1/functions/api","verb":"update","cancelRequested":false,"apiVersion":"v2","requestResource":{"@type":"type.googleapis.com/google.cloud.functions.v2.Function","name":"projects/uaidecants/locations/us-central1/functions/api","buildConfig":{"runtime":"nodejs22","entryPoint":"api","source":{"storageSource":{"bucket":"gcf-v2-sources-557662716722-us-central1","object":"api/function-source.zip","generation":"1756669217450099"}},"environmentVariables":{"GOOGLE_NODE_RUN_SCRIPTS":""},"dockerRepository":"projects/uaidecants/locations/us-central1/repositories/gcf-artifacts","sourceProvenance":{"resolvedStorageSource":{"bucket":"gcf-v2-sources-557662716722-us-central1","object":"api/function-source.zip","generation":"1756668905598978"}},"dockerRegistry":"ARTIFACT_REGISTRY","serviceAccount":"projects/uaidecants/serviceAccounts/557662716722-compute@developer.gserviceaccount.com","automaticUpdatePolicy":{}},"serviceConfig":{"service":"projects/uaidecants/locations/us-central1/services/api","timeoutSeconds":60,"environmentVariables":{"FIREBASE_CONFIG":"{\"projectId\":\"uaidecants\",\"storageBucket\":\"uaidecants.firebasestorage.app\"}","GCLOUD_PROJECT":"uaidecants","EVENTARC_CLOUD_EVENT_SOURCE":"projects/uaidecants/locations/us-central1/services/api","FUNCTION_TARGET":"api","LOG_EXECUTION_ID":"true"},"maxInstanceCount":20,"ingressSettings":"ALLOW_ALL","uri":"https://api-jmpq24tita-uc.a.run.app","serviceAccountEmail":"557662716722-compute@developer.gserviceaccount.com","availableMemory":"256Mi","allTrafficOnLatestRevision":true,"secretEnvironmentVariables":[{"key":"ARROZ","projectId":"uaidecants","secret":"ARROZ","version":"1"},{"key":"EMAIL_REMETENTE","projectId":"uaidecants","secret":"EMAIL_REMETENTE","version":"3"}],"revision":"api-00090-jug","maxInstanceRequestConcurrency":80,"availableCpu":"1"},"state":"ACTIVE","labels":{"deployment-tool":"cloud-console","firebase-functions-hash":"1b439b09525b027da4c3e7a5ac7114833de0ec65"},"environment":"GEN_2","url":"https://us-central1-uaidecants.cloudfunctions.net/api","satisfiesPzi":true},"stages":[{"name":"BUILD","message":"Build in progress","state":"IN_PROGRESS","resource":"projects/557662716722/locations/us-central1/builds/c07778f2-3dbc-4b30-9359-c084533a811f","resourceUri":"https://console.cloud.google.com/cloud-build/builds;region=us-central1/c07778f2-3dbc-4b30-9359-c084533a811f?project=557662716722"},{"name":"SERVICE","state":"NOT_STARTED"}],"operationType":"UPDATE_FUNCTION","buildName":"projects/557662716722/locations/us-central1/builds/c07778f2-3dbc-4b30-9359-c084533a811f"},"done":false}
[debug] [2025-08-31T19:40:37.703Z] [update-default-us-central1-api] Retrying task index 0
[debug] [2025-08-31T19:40:37.703Z] Checked if tokens are valid: true, expires at: 1756670931091
[debug] [2025-08-31T19:40:37.703Z] Checked if tokens are valid: true, expires at: 1756670931091
[debug] [2025-08-31T19:40:37.703Z] >>> [apiv2][query] GET https://cloudfunctions.googleapis.com/v2/projects/uaidecants/locations/us-central1/operations/operation-1756669216641-63dae6ca553ce-00a4a338-0cedd46c [none]
[debug] [2025-08-31T19:40:38.916Z] <<< [apiv2][status] GET https://cloudfunctions.googleapis.com/v2/projects/uaidecants/locations/us-central1/operations/operation-1756669216641-63dae6ca553ce-00a4a338-0cedd46c 200
[debug] [2025-08-31T19:40:38.916Z] <<< [apiv2][body] GET https://cloudfunctions.googleapis.com/v2/projects/uaidecants/locations/us-central1/operations/operation-1756669216641-63dae6ca553ce-00a4a338-0cedd46c {"name":"projects/uaidecants/locations/us-central1/operations/operation-1756669216641-63dae6ca553ce-00a4a338-0cedd46c","metadata":{"@type":"type.googleapis.com/google.cloud.functions.v2.OperationMetadata","createTime":"2025-08-31T19:40:17.496630780Z","target":"projects/uaidecants/locations/us-central1/functions/api","verb":"update","cancelRequested":false,"apiVersion":"v2","requestResource":{"@type":"type.googleapis.com/google.cloud.functions.v2.Function","name":"projects/uaidecants/locations/us-central1/functions/api","buildConfig":{"runtime":"nodejs22","entryPoint":"api","source":{"storageSource":{"bucket":"gcf-v2-sources-557662716722-us-central1","object":"api/function-source.zip","generation":"1756669217450099"}},"environmentVariables":{"GOOGLE_NODE_RUN_SCRIPTS":""},"dockerRepository":"projects/uaidecants/locations/us-central1/repositories/gcf-artifacts","sourceProvenance":{"resolvedStorageSource":{"bucket":"gcf-v2-sources-557662716722-us-central1","object":"api/function-source.zip","generation":"1756668905598978"}},"dockerRegistry":"ARTIFACT_REGISTRY","serviceAccount":"projects/uaidecants/serviceAccounts/557662716722-compute@developer.gserviceaccount.com","automaticUpdatePolicy":{}},"serviceConfig":{"service":"projects/uaidecants/locations/us-central1/services/api","timeoutSeconds":60,"environmentVariables":{"FIREBASE_CONFIG":"{\"projectId\":\"uaidecants\",\"storageBucket\":\"uaidecants.firebasestorage.app\"}","GCLOUD_PROJECT":"uaidecants","EVENTARC_CLOUD_EVENT_SOURCE":"projects/uaidecants/locations/us-central1/services/api","FUNCTION_TARGET":"api","LOG_EXECUTION_ID":"true"},"maxInstanceCount":20,"ingressSettings":"ALLOW_ALL","uri":"https://api-jmpq24tita-uc.a.run.app","serviceAccountEmail":"557662716722-compute@developer.gserviceaccount.com","availableMemory":"256Mi","allTrafficOnLatestRevision":true,"secretEnvironmentVariables":[{"key":"ARROZ","projectId":"uaidecants","secret":"ARROZ","version":"1"},{"key":"EMAIL_REMETENTE","projectId":"uaidecants","secret":"EMAIL_REMETENTE","version":"3"}],"revision":"api-00090-jug","maxInstanceRequestConcurrency":80,"availableCpu":"1"},"state":"ACTIVE","labels":{"deployment-tool":"cloud-console","firebase-functions-hash":"1b439b09525b027da4c3e7a5ac7114833de0ec65"},"environment":"GEN_2","url":"https://us-central1-uaidecants.cloudfunctions.net/api","satisfiesPzi":true},"stages":[{"name":"BUILD","message":"Build in progress","state":"IN_PROGRESS","resource":"projects/557662716722/locations/us-central1/builds/c07778f2-3dbc-4b30-9359-c084533a811f","resourceUri":"https://console.cloud.google.com/cloud-build/builds;region=us-central1/c07778f2-3dbc-4b30-9359-c084533a811f?project=557662716722"},{"name":"SERVICE","state":"NOT_STARTED"}],"operationType":"UPDATE_FUNCTION","buildName":"projects/557662716722/locations/us-central1/builds/c07778f2-3dbc-4b30-9359-c084533a811f"},"done":false}
[debug] [2025-08-31T19:40:48.920Z] [update-default-us-central1-api] Retrying task index 0
[debug] [2025-08-31T19:40:48.921Z] Checked if tokens are valid: true, expires at: 1756670931091
[debug] [2025-08-31T19:40:48.921Z] Checked if tokens are valid: true, expires at: 1756670931091
[debug] [2025-08-31T19:40:48.921Z] >>> [apiv2][query] GET https://cloudfunctions.googleapis.com/v2/projects/uaidecants/locations/us-central1/operations/operation-1756669216641-63dae6ca553ce-00a4a338-0cedd46c [none]
[debug] [2025-08-31T19:40:49.917Z] <<< [apiv2][status] GET https://cloudfunctions.googleapis.com/v2/projects/uaidecants/locations/us-central1/operations/operation-1756669216641-63dae6ca553ce-00a4a338-0cedd46c 200
[debug] [2025-08-31T19:40:49.917Z] <<< [apiv2][body] GET https://cloudfunctions.googleapis.com/v2/projects/uaidecants/locations/us-central1/operations/operation-1756669216641-63dae6ca553ce-00a4a338-0cedd46c {"name":"projects/uaidecants/locations/us-central1/operations/operation-1756669216641-63dae6ca553ce-00a4a338-0cedd46c","metadata":{"@type":"type.googleapis.com/google.cloud.functions.v2.OperationMetadata","createTime":"2025-08-31T19:40:17.496630780Z","target":"projects/uaidecants/locations/us-central1/functions/api","verb":"update","cancelRequested":false,"apiVersion":"v2","requestResource":{"@type":"type.googleapis.com/google.cloud.functions.v2.Function","name":"projects/uaidecants/locations/us-central1/functions/api","buildConfig":{"runtime":"nodejs22","entryPoint":"api","source":{"storageSource":{"bucket":"gcf-v2-sources-557662716722-us-central1","object":"api/function-source.zip","generation":"1756669217450099"}},"environmentVariables":{"GOOGLE_NODE_RUN_SCRIPTS":""},"dockerRepository":"projects/uaidecants/locations/us-central1/repositories/gcf-artifacts","sourceProvenance":{"resolvedStorageSource":{"bucket":"gcf-v2-sources-557662716722-us-central1","object":"api/function-source.zip","generation":"1756668905598978"}},"dockerRegistry":"ARTIFACT_REGISTRY","serviceAccount":"projects/uaidecants/serviceAccounts/557662716722-compute@developer.gserviceaccount.com","automaticUpdatePolicy":{}},"serviceConfig":{"service":"projects/uaidecants/locations/us-central1/services/api","timeoutSeconds":60,"environmentVariables":{"FIREBASE_CONFIG":"{\"projectId\":\"uaidecants\",\"storageBucket\":\"uaidecants.firebasestorage.app\"}","GCLOUD_PROJECT":"uaidecants","EVENTARC_CLOUD_EVENT_SOURCE":"projects/uaidecants/locations/us-central1/services/api","FUNCTION_TARGET":"api","LOG_EXECUTION_ID":"true"},"maxInstanceCount":20,"ingressSettings":"ALLOW_ALL","uri":"https://api-jmpq24tita-uc.a.run.app","serviceAccountEmail":"557662716722-compute@developer.gserviceaccount.com","availableMemory":"256Mi","allTrafficOnLatestRevision":true,"secretEnvironmentVariables":[{"key":"ARROZ","projectId":"uaidecants","secret":"ARROZ","version":"1"},{"key":"EMAIL_REMETENTE","projectId":"uaidecants","secret":"EMAIL_REMETENTE","version":"3"}],"revision":"api-00090-jug","maxInstanceRequestConcurrency":80,"availableCpu":"1"},"state":"ACTIVE","labels":{"deployment-tool":"cloud-console","firebase-functions-hash":"1b439b09525b027da4c3e7a5ac7114833de0ec65"},"environment":"GEN_2","url":"https://us-central1-uaidecants.cloudfunctions.net/api","satisfiesPzi":true},"stages":[{"name":"BUILD","message":"Build in progress","state":"IN_PROGRESS","resource":"projects/557662716722/locations/us-central1/builds/c07778f2-3dbc-4b30-9359-c084533a811f","resourceUri":"https://console.cloud.google.com/cloud-build/builds;region=us-central1/c07778f2-3dbc-4b30-9359-c084533a811f?project=557662716722"},{"name":"SERVICE","state":"NOT_STARTED"}],"operationType":"UPDATE_FUNCTION","buildName":"projects/557662716722/locations/us-central1/builds/c07778f2-3dbc-4b30-9359-c084533a811f"},"done":false}
[debug] [2025-08-31T19:40:59.923Z] [update-default-us-central1-api] Retrying task index 0
[debug] [2025-08-31T19:40:59.923Z] Checked if tokens are valid: true, expires at: 1756670931091
[debug] [2025-08-31T19:40:59.923Z] Checked if tokens are valid: true, expires at: 1756670931091
[debug] [2025-08-31T19:40:59.923Z] >>> [apiv2][query] GET https://cloudfunctions.googleapis.com/v2/projects/uaidecants/locations/us-central1/operations/operation-1756669216641-63dae6ca553ce-00a4a338-0cedd46c [none]
[debug] [2025-08-31T19:41:00.990Z] <<< [apiv2][status] GET https://cloudfunctions.googleapis.com/v2/projects/uaidecants/locations/us-central1/operations/operation-1756669216641-63dae6ca553ce-00a4a338-0cedd46c 200
[debug] [2025-08-31T19:41:00.990Z] <<< [apiv2][body] GET https://cloudfunctions.googleapis.com/v2/projects/uaidecants/locations/us-central1/operations/operation-1756669216641-63dae6ca553ce-00a4a338-0cedd46c {"name":"projects/uaidecants/locations/us-central1/operations/operation-1756669216641-63dae6ca553ce-00a4a338-0cedd46c","metadata":{"@type":"type.googleapis.com/google.cloud.functions.v2.OperationMetadata","createTime":"2025-08-31T19:40:17.496630780Z","endTime":"2025-08-31T19:40:58.872335618Z","target":"projects/uaidecants/locations/us-central1/functions/api","verb":"update","cancelRequested":false,"apiVersion":"v2","requestResource":{"@type":"type.googleapis.com/google.cloud.functions.v2.Function","name":"projects/uaidecants/locations/us-central1/functions/api","buildConfig":{"runtime":"nodejs22","entryPoint":"api","source":{"storageSource":{"bucket":"gcf-v2-sources-557662716722-us-central1","object":"api/function-source.zip","generation":"1756669217450099"}},"environmentVariables":{"GOOGLE_NODE_RUN_SCRIPTS":""},"dockerRepository":"projects/uaidecants/locations/us-central1/repositories/gcf-artifacts","sourceProvenance":{"resolvedStorageSource":{"bucket":"gcf-v2-sources-557662716722-us-central1","object":"api/function-source.zip","generation":"1756668905598978"}},"dockerRegistry":"ARTIFACT_REGISTRY","serviceAccount":"projects/uaidecants/serviceAccounts/557662716722-compute@developer.gserviceaccount.com","automaticUpdatePolicy":{}},"serviceConfig":{"service":"projects/uaidecants/locations/us-central1/services/api","timeoutSeconds":60,"environmentVariables":{"FIREBASE_CONFIG":"{\"projectId\":\"uaidecants\",\"storageBucket\":\"uaidecants.firebasestorage.app\"}","GCLOUD_PROJECT":"uaidecants","EVENTARC_CLOUD_EVENT_SOURCE":"projects/uaidecants/locations/us-central1/services/api","FUNCTION_TARGET":"api","LOG_EXECUTION_ID":"true"},"maxInstanceCount":20,"ingressSettings":"ALLOW_ALL","uri":"https://api-jmpq24tita-uc.a.run.app","serviceAccountEmail":"557662716722-compute@developer.gserviceaccount.com","availableMemory":"256Mi","allTrafficOnLatestRevision":true,"secretEnvironmentVariables":[{"key":"ARROZ","projectId":"uaidecants","secret":"ARROZ","version":"1"},{"key":"EMAIL_REMETENTE","projectId":"uaidecants","secret":"EMAIL_REMETENTE","version":"3"}],"revision":"api-00090-jug","maxInstanceRequestConcurrency":80,"availableCpu":"1"},"state":"ACTIVE","labels":{"deployment-tool":"cloud-console","firebase-functions-hash":"1b439b09525b027da4c3e7a5ac7114833de0ec65"},"environment":"GEN_2","url":"https://us-central1-uaidecants.cloudfunctions.net/api","satisfiesPzi":true},"stages":[{"name":"BUILD","message":"Build finished","state":"COMPLETE","resource":"projects/557662716722/locations/us-central1/builds/c07778f2-3dbc-4b30-9359-c084533a811f","resourceUri":"https://console.cloud.google.com/cloud-build/builds;region=us-central1/c07778f2-3dbc-4b30-9359-c084533a811f?project=557662716722"},{"name":"SERVICE","message":"Updating Cloud Run service","state":"COMPLETE","resource":"projects/uaidecants/locations/us-central1/services/api","resourceUri":"https://console.cloud.google.com/run/detail/us-central1/api?project=uaidecants","stateMessages":[{"severity":"INFO","type":"CloudRunServiceNewRevisionTrafficInfo","message":"A new revision will be deployed serving with 100% traffic."}]}],"sourceToken":"Cldwcm9qZWN0cy81NTc2NjI3MTY3MjIvbG9jYXRpb25zL3VzLWNlbnRyYWwxL2J1aWxkcy9jMDc3NzhmMi0zZGJjLTRiMzAtOTM1OS1jMDg0NTMzYTgxMWYSW3VzLWNlbnRyYWwxLWRvY2tlci5wa2cuZGV2L3VhaWRlY2FudHMvZ2NmLWFydGlmYWN0cy91YWlkZWNhbnRzX191cy0tY2VudHJhbDFfX2FwaTp2ZXJzaW9uXzEYsoanup0QIjdwcm9qZWN0cy91YWlkZWNhbnRzL2xvY2F0aW9ucy91cy1jZW50cmFsMS9mdW5jdGlvbnMvYXBpKgsIw8rSxQYQ+KqiMTIIbm9kZWpzMjI6dgojZ2NyLmlvL2dhZS1ydW50aW1lcy9ub2RlanMyMjpzdGFibGUST3VzLWNlbnRyYWwxLWRvY2tlci5wa2cuZGV2L3NlcnZlcmxlc3MtcnVudGltZXMvZ29vZ2xlLTIyLWZ1bGwvcnVudGltZXMvbm9kZWpzMjJAAQ==","operationType":"UPDATE_FUNCTION","buildName":"projects/557662716722/locations/us-central1/builds/c07778f2-3dbc-4b30-9359-c084533a811f"},"done":true,"response":{"@type":"type.googleapis.com/google.cloud.functions.v2.Function","name":"projects/uaidecants/locations/us-central1/functions/api","buildConfig":{"build":"projects/557662716722/locations/us-central1/builds/c07778f2-3dbc-4b30-9359-c084533a811f","runtime":"nodejs22","entryPoint":"api","source":{"storageSource":{"bucket":"gcf-v2-sources-557662716722-us-central1","object":"api/function-source.zip","generation":"1756669217450099"}},"environmentVariables":{"GOOGLE_NODE_RUN_SCRIPTS":""},"dockerRepository":"projects/uaidecants/locations/us-central1/repositories/gcf-artifacts","sourceProvenance":{"resolvedStorageSource":{"bucket":"gcf-v2-sources-557662716722-us-central1","object":"api/function-source.zip","generation":"1756669217450099"}},"dockerRegistry":"ARTIFACT_REGISTRY","serviceAccount":"projects/uaidecants/serviceAccounts/557662716722-compute@developer.gserviceaccount.com","automaticUpdatePolicy":{}},"serviceConfig":{"service":"projects/uaidecants/locations/us-central1/services/api","timeoutSeconds":60,"environmentVariables":{"FIREBASE_CONFIG":"{\"projectId\":\"uaidecants\",\"storageBucket\":\"uaidecants.firebasestorage.app\"}","GCLOUD_PROJECT":"uaidecants","EVENTARC_CLOUD_EVENT_SOURCE":"projects/uaidecants/locations/us-central1/services/api","FUNCTION_TARGET":"api","LOG_EXECUTION_ID":"true"},"maxInstanceCount":20,"ingressSettings":"ALLOW_ALL","uri":"https://api-jmpq24tita-uc.a.run.app","serviceAccountEmail":"557662716722-compute@developer.gserviceaccount.com","availableMemory":"256Mi","allTrafficOnLatestRevision":true,"secretEnvironmentVariables":[{"key":"ARROZ","projectId":"uaidecants","secret":"ARROZ","version":"1"},{"key":"EMAIL_REMETENTE","projectId":"uaidecants","secret":"EMAIL_REMETENTE","version":"3"}],"revision":"api-00091-jof","maxInstanceRequestConcurrency":80,"availableCpu":"1"},"state":"ACTIVE","updateTime":"2025-08-31T19:40:17.498673650Z","labels":{"deployment-tool":"cli-firebase","firebase-functions-hash":"1b439b09525b027da4c3e7a5ac7114833de0ec65"},"environment":"GEN_2","url":"https://us-central1-uaidecants.cloudfunctions.net/api","createTime":"2025-08-15T08:37:48.636857088Z","satisfiesPzi":true}}
[debug] [2025-08-31T19:41:00.990Z] Got source token Cldwcm9qZWN0cy81NTc2NjI3MTY3MjIvbG9jYXRpb25zL3VzLWNlbnRyYWwxL2J1aWxkcy9jMDc3NzhmMi0zZGJjLTRiMzAtOTM1OS1jMDg0NTMzYTgxMWYSW3VzLWNlbnRyYWwxLWRvY2tlci5wa2cuZGV2L3VhaWRlY2FudHMvZ2NmLWFydGlmYWN0cy91YWlkZWNhbnRzX191cy0tY2VudHJhbDFfX2FwaTp2ZXJzaW9uXzEYsoanup0QIjdwcm9qZWN0cy91YWlkZWNhbnRzL2xvY2F0aW9ucy91cy1jZW50cmFsMS9mdW5jdGlvbnMvYXBpKgsIw8rSxQYQ+KqiMTIIbm9kZWpzMjI6dgojZ2NyLmlvL2dhZS1ydW50aW1lcy9ub2RlanMyMjpzdGFibGUST3VzLWNlbnRyYWwxLWRvY2tlci5wa2cuZGV2L3NlcnZlcmxlc3MtcnVudGltZXMvZ29vZ2xlLTIyLWZ1bGwvcnVudGltZXMvbm9kZWpzMjJAAQ== for region us-central1
[info] ✔  functions[api(us-central1)] Successful update operation. 
[debug] [2025-08-31T19:41:00.991Z] Total Function Deployment time: 45432
[debug] [2025-08-31T19:41:00.991Z] 1 Functions Deployed
[debug] [2025-08-31T19:41:00.991Z] 0 Functions Errored
[debug] [2025-08-31T19:41:00.991Z] 0 Function Deployments Aborted
[debug] [2025-08-31T19:41:00.991Z] Average Function Deployment time: 45431
[info] Function URL (api(us-central1)): https://api-jmpq24tita-uc.a.run.app
[debug] [2025-08-31T19:41:00.991Z] Checked if tokens are valid: true, expires at: 1756670931091
[debug] [2025-08-31T19:41:00.992Z] Checked if tokens are valid: true, expires at: 1756670931091
[debug] [2025-08-31T19:41:00.992Z] >>> [apiv2][query] GET https://artifactregistry.googleapis.com/v1/projects/uaidecants/locations/us-central1/repositories/gcf-artifacts [none]
[debug] [2025-08-31T19:41:02.252Z] <<< [apiv2][status] GET https://artifactregistry.googleapis.com/v1/projects/uaidecants/locations/us-central1/repositories/gcf-artifacts 200
